0 info it worked if it ends with ok
1 verbose cli [ 'node', '/usr/local/bin/npm', 'install', '--save', 'rgbquant' ]
2 info using npm@1.3.2
3 info using node@v0.10.13
4 verbose readDependencies using package.json deps
5 verbose cache add [ 'rgbquant', null ]
6 verbose cache add name=undefined spec="rgbquant" args=["rgbquant",null]
7 verbose parsed url { protocol: null,
7 verbose parsed url   slashes: null,
7 verbose parsed url   auth: null,
7 verbose parsed url   host: null,
7 verbose parsed url   port: null,
7 verbose parsed url   hostname: null,
7 verbose parsed url   hash: null,
7 verbose parsed url   search: null,
7 verbose parsed url   query: null,
7 verbose parsed url   pathname: 'rgbquant',
7 verbose parsed url   path: 'rgbquant',
7 verbose parsed url   href: 'rgbquant' }
8 silly lockFile c06f4863-rgbquant rgbquant
9 verbose lock rgbquant /Users/tebaomang/.npm/c06f4863-rgbquant.lock
10 silly lockFile c06f4863-rgbquant rgbquant
11 silly lockFile c06f4863-rgbquant rgbquant
12 verbose addNamed [ 'rgbquant', '' ]
13 verbose addNamed [ null, '*' ]
14 silly lockFile f8eb2f5e-rgbquant rgbquant@
15 verbose lock rgbquant@ /Users/tebaomang/.npm/f8eb2f5e-rgbquant.lock
16 silly addNameRange { name: 'rgbquant', range: '*', hasData: false }
17 verbose url raw rgbquant
18 verbose url resolving [ 'https://registry.npmjs.org/', './rgbquant' ]
19 verbose url resolved https://registry.npmjs.org/rgbquant
20 info trying registry request attempt 1 at 21:01:19
21 http GET https://registry.npmjs.org/rgbquant
22 http 404 https://registry.npmjs.org/rgbquant
23 silly registry.get cb [ 404,
23 silly registry.get   { date: 'Tue, 18 Mar 2014 14:01:22 GMT',
23 silly registry.get     server: 'CouchDB/1.5.0 (Erlang OTP/R14B04)',
23 silly registry.get     'content-type': 'application/json',
23 silly registry.get     'accept-ranges': 'bytes',
23 silly registry.get     via: '1.1 varnish',
23 silly registry.get     'cache-control': 'max-age=0',
23 silly registry.get     'content-length': '52',
23 silly registry.get     'x-served-by': 'cache-v37-ASH, cache-sv63-SJC3',
23 silly registry.get     'x-cache': 'MISS, MISS',
23 silly registry.get     'x-cache-hits': '0, 0',
23 silly registry.get     'x-timer': 'S1395151282.715310097,VS0,VS469,VE575,VE181',
23 silly registry.get     'keep-alive': 'timeout=10, max=50',
23 silly registry.get     connection: 'Keep-Alive' } ]
24 silly lockFile f8eb2f5e-rgbquant rgbquant@
25 silly lockFile f8eb2f5e-rgbquant rgbquant@
26 error 404 'rgbquant' is not in the npm registry.
26 error 404 You should bug the author to publish it
26 error 404
26 error 404 Note that you can also install from a
26 error 404 tarball, folder, or http url, or git url.
27 error System Darwin 13.0.0
28 error command "node" "/usr/local/bin/npm" "install" "--save" "rgbquant"
29 error cwd /Volumes/DATA/GitHub/GF4Hider
30 error node -v v0.10.13
31 error npm -v 1.3.2
32 error code E404
33 verbose exit [ 1, true ]
